#-----------------------------------------------------------
# Vivado v2020.2 (64-bit)
# SW Build 3064766 on Wed Nov 18 09:12:47 MST 2020
# IP Build 3064653 on Wed Nov 18 14:17:31 MST 2020
# Start of session at: Wed Sep  7 09:33:57 2022
# Process ID: 5305
# Current directory: /home/lbo/Projects/DVR-006-001/Base_system/HW
# Command line: vivado Zybo-Z7-20-pcam-5c.xpr
# Log file: /home/lbo/Projects/DVR-006-001/Base_system/HW/vivado.log
# Journal file: /home/lbo/Projects/DVR-006-001/Base_system/HW/vivado.jou
#-----------------------------------------------------------
start_gui
open_project Zybo-Z7-20-pcam-5c.xpr
Scanning sources...
Finished scanning sources
INFO: [IP_Flow 19-234] Refreshing IP repositories
INFO: [IP_Flow 19-1700] Loaded user IP repository '/home/lbo/Projects/DVR-006-001/Base_system/HW/Zybo-Z7-20-pcam-5c.ipdefs/repo_0'.
INFO: [IP_Flow 19-1700] Loaded user IP repository '/home/lbo/Projects/DVR-006-001/tensil_DPU'.
INFO: [IP_Flow 19-2313] Loaded Vivado IP repository '/tools/Xilinx/Vivado/2020.2/data/ip'.
open_project: Time (s): cpu = 00:00:14 ; elapsed = 00:00:10 . Memory (MB): peak = 7249.223 ; gain = 65.094 ; free physical = 583 ; free virtual = 6466
open_bd_design {/home/lbo/Projects/DVR-006-001/Base_system/HW/Zybo-Z7-20-pcam-5c.srcs/sources_1/bd/system/system.bd}
Reading block design file </home/lbo/Projects/DVR-006-001/Base_system/HW/Zybo-Z7-20-pcam-5c.srcs/sources_1/bd/system/system.bd>...
Adding component instance block -- xilinx.com:ip:processing_system7:5.5 - processing_system7_0
WARNING: [BD 41-176] The physical port 'M_AXI_GP0_aximm_wr_socket' specified in the portmap, is not found on the block! 
WARNING: [BD 41-176] The physical port 'M_AXI_GP0_aximm_rd_socket' specified in the portmap, is not found on the block! 
WARNING: [BD 41-176] The physical port 'S_AXI_HP0_aximm_wr_socket' specified in the portmap, is not found on the block! 
WARNING: [BD 41-176] The physical port 'S_AXI_HP0_aximm_rd_socket' specified in the portmap, is not found on the block! 
WARNING: [BD 41-176] The physical port 'S_AXI_HP2_aximm_wr_socket' specified in the portmap, is not found on the block! 
WARNING: [BD 41-176] The physical port 'S_AXI_HP2_aximm_rd_socket' specified in the portmap, is not found on the block! 
Adding component instance block -- Deverne:DVR-006-001:tensil_DPU:1.0 - tensil_DPU_0
Adding component instance block -- xilinx.com:ip:proc_sys_reset:5.0 - rst_ps7_0_50M
Adding component instance block -- xilinx.com:ip:axi_dma:7.1 - axi_dma_0
Adding component instance block -- xilinx.com:ip:smartconnect:1.0 - smartconnect_2
Adding component instance block -- xilinx.com:ip:smartconnect:1.0 - smartconnect_1
Adding component instance block -- xilinx.com:ip:smartconnect:1.0 - smartconnect_0
Adding component instance block -- xilinx.com:ip:smartconnect:1.0 - smartconnect_3
Successfully read diagram <system> from block design file </home/lbo/Projects/DVR-006-001/Base_system/HW/Zybo-Z7-20-pcam-5c.srcs/sources_1/bd/system/system.bd>
open_bd_design: Time (s): cpu = 00:00:12 ; elapsed = 00:00:05 . Memory (MB): peak = 8771.266 ; gain = 1501.898 ; free physical = 390 ; free virtual = 6343
update_compile_order -fileset sources_1
exit
INFO: [Common 17-206] Exiting Vivado at Wed Sep  7 09:49:22 2022...
