#-----------------------------------------------------------
# Vivado v2020.2 (64-bit)
# SW Build 3064766 on Wed Nov 18 09:12:47 MST 2020
# IP Build 3064653 on Wed Nov 18 14:17:31 MST 2020
# Start of session at: Fri Sep  2 11:07:11 2022
# Process ID: 7258
# Current directory: /home/lbo/Projects/DVR-006-001/tensil_DPU
# Command line: vivado
# Log file: /home/lbo/Projects/DVR-006-001/tensil_DPU/vivado.log
# Journal file: /home/lbo/Projects/DVR-006-001/tensil_DPU/vivado.jou
#-----------------------------------------------------------
start_gui
create_project tensil_DPU . -part xc7z020clg400-2
INFO: [IP_Flow 19-234] Refreshing IP repositories
INFO: [IP_Flow 19-1704] No user IP repositories specified
INFO: [IP_Flow 19-2313] Loaded Vivado IP repository '/tools/Xilinx/Vivado/2020.2/data/ip'.
INFO: [IP_Flow 19-3899] Cannot get the environment domain name variable for the component vendor name. Setting the vendor name to 'user.org'.
create_project: Time (s): cpu = 00:00:09 ; elapsed = 00:00:05 . Memory (MB): peak = 7238.480 ; gain = 43.027 ; free physical = 1602 ; free virtual = 7789
add_files -norecurse {/home/lbo/Projects/DVR-006-001/tensil_DPU/src/top_pynqz1.v /home/lbo/Projects/DVR-006-001/tensil_DPU/src/bram_dp_128x8192.v /home/lbo/Projects/DVR-006-001/tensil_DPU/src/bram_dp_128x2048.v}
update_compile_order -fileset sources_1
create_bd_design "tensil_DPU"
Wrote  : </home/lbo/Projects/DVR-006-001/tensil_DPU/tensil_DPU.srcs/sources_1/bd/tensil_DPU/tensil_DPU.bd> 
update_compile_order -fileset sources_1
export_ip_user_files -of_objects  [get_files /home/lbo/Projects/DVR-006-001/tensil_DPU/tensil_DPU.srcs/sources_1/bd/tensil_DPU/tensil_DPU.bd] -no_script -reset -force -quiet
remove_files  /home/lbo/Projects/DVR-006-001/tensil_DPU/tensil_DPU.srcs/sources_1/bd/tensil_DPU/tensil_DPU.bd
Wrote  : </home/lbo/Projects/DVR-006-001/tensil_DPU/tensil_DPU.srcs/sources_1/bd/tensil_DPU/ui/bd_a86aa9a3.ui> 
file delete -force /home/lbo/Projects/DVR-006-001/tensil_DPU/tensil_DPU.srcs/sources_1/bd/tensil_DPU
file delete -force /home/lbo/Projects/DVR-006-001/tensil_DPU/tensil_DPU.gen/sources_1/bd/tensil_DPU
create_bd_design "tensil_pynqz1"
Wrote  : </home/lbo/Projects/DVR-006-001/tensil_DPU/tensil_DPU.srcs/sources_1/bd/tensil_pynqz1/tensil_pynqz1.bd> 
update_compile_order -fileset sources_1
open_bd_design {/home/lbo/Projects/DVR-006-001/tensil_DPU/tensil_DPU.srcs/sources_1/bd/tensil_pynqz1/tensil_pynqz1.bd}
export_ip_user_files -of_objects  [get_files /home/lbo/Projects/DVR-006-001/tensil_DPU/tensil_DPU.srcs/sources_1/bd/tensil_pynqz1/tensil_pynqz1.bd] -no_script -reset -force -quiet
remove_files  /home/lbo/Projects/DVR-006-001/tensil_DPU/tensil_DPU.srcs/sources_1/bd/tensil_pynqz1/tensil_pynqz1.bd
Wrote  : </home/lbo/Projects/DVR-006-001/tensil_DPU/tensil_DPU.srcs/sources_1/bd/tensil_pynqz1/ui/bd_21bae8e9.ui> 
file delete -force /home/lbo/Projects/DVR-006-001/tensil_DPU/tensil_DPU.srcs/sources_1/bd/tensil_pynqz1
file delete -force /home/lbo/Projects/DVR-006-001/tensil_DPU/tensil_DPU.gen/sources_1/bd/tensil_pynqz1
INFO: [IP_Flow 19-3899] Cannot get the environment domain name variable for the component vendor name. Setting the vendor name to 'user.org'.
ipx::package_project -root_dir /home/lbo/Projects/DVR-006-001/tensil_DPU -vendor user.org -library user -taxonomy /UserIP
INFO: [IP_Flow 19-5107] Inferred bus interface 'instruction' of definition 'xilinx.com:interface:axis:1.0' (from Xilinx Repository).
INFO: [IP_Flow 19-5107] Inferred bus interface 'm_axi_dram0' of definition 'xilinx.com:interface:aximm:1.0' (from Xilinx Repository).
INFO: [IP_Flow 19-5107] Inferred bus interface 'm_axi_dram1' of definition 'xilinx.com:interface:aximm:1.0' (from Xilinx Repository).
INFO: [IP_Flow 19-5107] Inferred bus interface 'reset' of definition 'xilinx.com:signal:reset:1.0' (from Xilinx Repository).
INFO: [IP_Flow 19-5107] Inferred bus interface 'clock' of definition 'xilinx.com:signal:clock:1.0' (from Xilinx Repository).
INFO: [IP_Flow 19-4728] Bus Interface 'clock': Added interface parameter 'ASSOCIATED_BUSIF' with value 'instruction'.
INFO: [IP_Flow 19-4728] Bus Interface 'clock': Added interface parameter 'ASSOCIATED_RESET' with value 'reset'.
INFO: [IP_Flow 19-2181] Payment Required is not set for this core.
INFO: [IP_Flow 19-2187] The Product Guide file is missing.
set_property core_revision 2 [ipx::current_core]
ipx::create_xgui_files [ipx::current_core]
ipx::update_checksums [ipx::current_core]
ipx::check_integrity [ipx::current_core]
INFO: [IP_Flow 19-2181] Payment Required is not set for this core.
INFO: [IP_Flow 19-2187] The Product Guide file is missing.
INFO: [Ipptcl 7-1486] check_integrity: Integrity check passed.
ipx::save_core [ipx::current_core]
set_property  ip_repo_paths  /home/lbo/Projects/DVR-006-001/tensil_DPU [current_project]
update_ip_catalog
INFO: [IP_Flow 19-234] Refreshing IP repositories
INFO: [IP_Flow 19-1700] Loaded user IP repository '/home/lbo/Projects/DVR-006-001/tensil_DPU'.
INFO: [IP_Flow 19-3899] Cannot get the environment domain name variable for the component vendor name. Setting the vendor name to 'user.org'.
exit
INFO: [Common 17-206] Exiting Vivado at Fri Sep  2 11:13:37 2022...
